  main.cpp
D:\Final\22\FinalProject2\Camera.h(14,45): warning C4305: “初始化”: 从“double”到“float”截断
D:\Windows Kits\10\Include\10.0.19041.0\shared\minwindef.h(130,1): warning C4005: “APIENTRY”: 宏重定义
D:\Final\22\FinalProject2\Dependencies\GLFW\include\GLFW\glfw3.h(123): message : 参见“APIENTRY”的前一个定义
D:\Final\22\FinalProject2\main.cpp(77,20): warning C4244: “-=”: 从“double”转换到“float”，可能丢失数据
D:\Final\22\FinalProject2\main.cpp(505,27): warning C4018: “<”: 有符号/无符号不匹配
D:\Final\22\FinalProject2\main.cpp(510,44): warning C4244: “参数”: 从“float”转换到“GLint”，可能丢失数据
D:\Final\22\FinalProject2\main.cpp(510,26): warning C4244: “参数”: 从“float”转换到“GLint”，可能丢失数据
D:\Final\22\FinalProject2\main.cpp(516,52): warning C4244: “=”: 从“GLdouble”转换到“T”，可能丢失数据
          with
          [
              T=float
          ]
D:\Final\22\FinalProject2\main.cpp(524,53): warning C4244: “=”: 从“GLdouble”转换到“T”，可能丢失数据
          with
          [
              T=float
          ]
D:\Final\22\FinalProject2\main.cpp(530,37): warning C4244: “=”: 从“GLint”转换到“T”，可能丢失数据
          with
          [
              T=float
          ]
  FinalProject.vcxproj -> D:\Final\22\FinalProject2\Debug\FinalProject.exe
